<?xml version="1.0" encoding="UTF-8" ?>
<testsuite errors="0" failures="0" hostname="DESKTOP-E276MJP" name="one.testBaiDu" skipped="0" tests="1" time="16.897" timestamp="2020-11-11T11:28:36">
  <properties>
    <property name="java.vendor" value="Oracle Corporation" />
    <property name="env.USERDOMAIN_ROAMINGPROFILE" value="DESKTOP-E276MJP" />
    <property name="sun.java.launcher" value="SUN_STANDARD" />
    <property name="eclipse.pdebuild.templates" value="D:\EclipseJavaEE\eclipse\plugins\org.eclipse.pde.build_3.10.400.v20190320-1020\templates" />
    <property name="sun.management.compiler" value="HotSpot 64-Bit Tiered Compilers" />
    <property name="env.PROMPT" value="$P$G" />
    <property name="env.DriverData" value="C:\Windows\System32\Drivers\DriverData" />
    <property name="os.name" value="Windows 10" />
    <property name="sun.boot.class.path" value="D:\JDK1.8anzhuang\jre\lib\resources.jar;D:\JDK1.8anzhuang\jre\lib\rt.jar;D:\JDK1.8anzhuang\jre\lib\sunrsasign.jar;D:\JDK1.8anzhuang\jre\lib\jsse.jar;D:\JDK1.8anzhuang\jre\lib\jce.jar;D:\JDK1.8anzhuang\jre\lib\charsets.jar;D:\JDK1.8anzhuang\jre\lib\jfr.jar;D:\JDK1.8anzhuang\jre\classes" />
    <property name="env.COMPUTERNAME" value="DESKTOP-E276MJP" />
    <property name="env.CommonProgramW6432" value="C:\Program Files\Common Files" />
    <property name="env.ALLUSERSPROFILE" value="C:\ProgramData" />
    <property name="sun.desktop" value="windows" />
    <property name="java.vm.specification.vendor" value="Oracle Corporation" />
    <property name="ant.home" value="E:\Ant\apache-ant" />
    <property name="java.runtime.version" value="1.8.0_241-b07" />
    <property name="env.HOMEPATH" value="\Users\94170" />
    <property name="user.name" value="94170" />
    <property name="env.WebStorm" value="E:\Webstormanzhuang\WebStorm 2019.3\bin;" />
    <property name="user.language" value="zh" />
    <property name="sun.boot.library.path" value="D:\JDK1.8anzhuang\jre\bin" />
    <property name="ant.project.default-target" value="build" />
    <property name="ant.project.name" value="one" />
    <property name="java.version" value="1.8.0_241" />
    <property name="env.PROCESSOR_IDENTIFIER" value="AMD64 Family 21 Model 19 Stepping 1, AuthenticAMD" />
    <property name="user.timezone" value="" />
    <property name="env.TEMP" value="C:\Users\94170\AppData\Local\Temp" />
    <property name="sun.arch.data.model" value="64" />
    <property name="java.endorsed.dirs" value="D:\JDK1.8anzhuang\jre\lib\endorsed" />
    <property name="sun.cpu.isalist" value="amd64" />
    <property name="env.HOMEDRIVE" value="C:" />
    <property name="sun.jnu.encoding" value="GBK" />
    <property name="file.encoding.pkg" value="sun.io" />
    <property name="ECLIPSE_HOME" value="../../EclipseJavaEE/eclipse/" />
    <property name="file.separator" value="\" />
    <property name="java.specification.name" value="Java Platform API Specification" />
    <property name="env.PyCharm" value="E:\PyCharmanzhuang\PyCharm 2019.3.4\bin;" />
    <property name="java.class.version" value="52.0" />
    <property name="user.country" value="CN" />
    <property name="java.home" value="D:\JDK1.8anzhuang\jre" />
    <property name="env.PSModulePath" value="C:\Program Files\WindowsPowerShell\Modules;C:\WINDOWS\system32\WindowsPowerShell\v1.0\Modules" />
    <property name="env.ANDROID_HOME" value="E:\Android SDK\android-sdk-windows" />
    <property name="env.APPDATA" value="C:\Users\94170\AppData\Roaming" />
    <property name="env.PUBLIC" value="C:\Users\Public" />
    <property name="java.vm.info" value="mixed mode" />
    <property name="env.CATALINA_HOME" value="D:\Tomcat安装\apache-tomcat-9.0.33" />
    <property name="env.ComSpec" value="C:\WINDOWS\system32\cmd.exe" />
    <property name="env.OS" value="Windows_NT" />
    <property name="env.CommonProgramFiles" value="C:\Program Files\Common Files" />
    <property name="ant.file" value="D:\EclipseSeleniumSpace\one\build.xml" />
    <property name="os.version" value="10.0" />
    <property name="env.ProgramW6432" value="C:\Program Files" />
    <property name="path.separator" value=";" />
    <property name="java.vm.version" value="25.241-b07" />
    <property name="user.variant" value="" />
    <property name="env.USERPROFILE" value="C:\Users\94170" />
    <property name="ant.library.dir" value="E:\Ant\apache-ant\lib" />
    <property name="junit.output.dir" value="junit" />
    <property name="ant.file.one" value="D:\EclipseSeleniumSpace\one\build.xml" />
    <property name="env.JAVA_HOME" value="D:\JDK1.8anzhuang\jdk" />
    <property name="java.awt.printerjob" value="sun.awt.windows.WPrinterJob" />
    <property name="env.TMP" value="C:\Users\94170\AppData\Local\Temp" />
    <property name="env.FPS_BROWSER_USER_PROFILE_STRING" value="Default" />
    <property name="sun.io.unicode.encoding" value="UnicodeLittle" />
    <property name="awt.toolkit" value="sun.awt.windows.WToolkit" />
    <property name="user.script" value="" />
    <property name="eclipse.pdebuild.scripts" value="D:\EclipseJavaEE\eclipse\plugins\org.eclipse.pde.build_3.10.400.v20190320-1020\scripts" />
    <property name="user.home" value="C:\Users\94170" />
    <property name="target" value="1.5" />
    <property name="env.ProgramData" value="C:\ProgramData" />
    <property name="env.ProgramFiles(x86)" value="C:\Program Files (x86)" />
    <property name="env.SESSIONNAME" value="Console" />
    <property name="env.CLASSPATH" value=".;D:\JDK1.8anzhuang\jdk\lib\dt.jar;D:\JDK1.8anzhuang\jdk\lib\tools.jar;D:\JDK1.8anzhuang\jdk\lib;D:\Tomcat安装\apache-tomcat-9.0.33\lib\servlet-api.jar" />
    <property name="java.specification.vendor" value="Oracle Corporation" />
    <property name="env.M2_HOME" value="D:\Maven-repo\apache-maven-3.6.0" />
    <property name="java.vendor.url" value="http://java.oracle.com/" />
    <property name="java.library.path" value="D:\JDK1.8anzhuang\jre\bin;C:\WINDOWS\Sun\Java\bin;C:\WINDOWS\system32;C:\WINDOWS;D:/JDK1.8anzhuang/jre/bin/server;D:/JDK1.8anzhuang/jre/bin;D:/JDK1.8anzhuang/jre/lib/amd64;D:\Xshell\XshellInstall\;D:\Xftp\XftpInstall\;C:\Program Files (x86)\Common Files\Oracle\Java\javapath;D:\JDK1.8anzhuang\jdk\jre\bin;D:\JDK1.8anzhuang\jdk\bin;C:\WINDOWS\System32\WindowsPowerShell\v1.0\;C:\WINDOWS\System32\OpenSSH\;2_HOME%\bin;E:\javamysql\mysql\mysql-8.0.15-winx64\bin;D:\Redis\Redisanzhuang\;D:\PuttyClientanzhuang\;C:\Program Files (x86)\AMD\ATI.ACE\Core-Static;C:\Program Files (x86)\ATI Technologies\ATI.ACE\Core-Static;C:\Windows\System32;D:\Tomcat安装\apache-tomcat-9.0.33\bin;D:\Tomcat安装\apache-tomcat-9.0.33\lib;C:\WINDOWS\system32;C:\WINDOWS;C:\WINDOWS\System32\Wbem;E:\Android SDK\android-sdk-windows\platform-tools;E:\Android SDK\android-sdk-windows\tools;E:\Python\PythonAnzhuang;E:\NodeJs\NodejsAnzhaung\;C:\Users\94170\AppData\Local\Programs\Appium;E:\NodeJs\NodejsAnzhaung\node_global;E:\NodeJs\NodejsAnzhaung\node_global;D:\Maven-repo\apache-maven-3.6.0\bin;E:\Ant\apache-ant\bin;E:\Python\PythonAnzhuang\Scripts\;E:\Python\PythonAnzhuang\;C:\Users\94170\AppData\Local\Microsoft\WindowsApps;;D:\intellij idea安装\IntelliJ IDEA 2019.2\bin;;E:\Webstormanzhuang\WebStorm 2019.3\bin;;E:\PyCharmanzhuang\PyCharm 2019.3.4\bin;;E:\Fiddler\Fiddleranzhuang\Fiddler;C:\Users\94170\AppData\Roaming\npm;D:\EclipseJavaEE\eclipse;;." />
    <property name="env.NUMBER_OF_PROCESSORS" value="4" />
    <property name="java.vm.vendor" value="Oracle Corporation" />
    <property name="java.runtime.name" value="Java(TM) SE Runtime Environment" />
    <property name="ant.version" value="Apache Ant(TM) version 1.10.9 compiled on September 27 2020" />
    <property name="java.class.path" value="D:\EclipseSeleniumSpace\one\target\classes;D:\EclipseSeleniumSpace\one\target\test-classes;D:\Maven-repo\LocalWarehouse\junit\junit\3.8.1\junit-3.8.1.jar;D:\Maven-repo\LocalWarehouse\org\hamcrest\hamcrest-core\1.3\hamcrest-core-1.3.jar;D:\EclipseSeleniumSpace\one\libs\selenium-server-standalone-2.46.0.jar;D:\EclipseSeleniumSpace\one;D:\JDK1.8anzhuang\jdk\lib\dt.jar;D:\JDK1.8anzhuang\jdk\lib\tools.jar;D:\JDK1.8anzhuang\jdk\lib;D:\Tomcat安装\apache-tomcat-9.0.33\lib\servlet-api.jar;E:\Ant\apache-ant\lib\ant-launcher.jar;E:\Ant\apache-ant\lib\ant.jar;E:\Ant\apache-ant\lib\ant-junit.jar;E:\Ant\apache-ant\lib\ant-junit4.jar" />
    <property name="sun.java.command" value="org.apache.tools.ant.taskdefs.optional.junit.JUnitTestRunner one.testBaiDu skipNonTests=false filtertrace=true haltOnError=false haltOnFailure=false formatter=org.apache.tools.ant.taskdefs.optional.junit.OutErrSummaryJUnitResultFormatter showoutput=false outputtoformatters=true logfailedtests=true threadid=0 logtestlistenerevents=false formatter=org.apache.tools.ant.taskdefs.optional.junit.XMLJUnitResultFormatter,D:\EclipseSeleniumSpace\one\junit\TEST-one.testBaiDu.xml crashfile=D:\EclipseSeleniumSpace\one\junitvmwatcher6090617807738573508.properties propsfile=D:\EclipseSeleniumSpace\one\junit6330305772693968135.properties" />
    <property name="java.vm.specification.name" value="Java Virtual Machine Specification" />
    <property name="env.windir" value="C:\WINDOWS" />
    <property name="env.LOGONSERVER" value="\\DESKTOP-E276MJP" />
    <property name="env.PROCESSOR_ARCHITECTURE" value="AMD64" />
    <property name="java.vm.specification.version" value="1.8" />
    <property name="sun.os.patch.level" value="" />
    <property name="sun.cpu.endian" value="little" />
    <property name="debuglevel" value="source,lines,vars" />
    <property name="env.OneDrive" value="C:\Users\94170\OneDrive" />
    <property name="env.ProgramFiles" value="C:\Program Files" />
    <property name="env.ANT_HOME" value="E:\Ant\apache-ant" />
    <property name="java.io.tmpdir" value="C:\Users\94170\AppData\Local\Temp\" />
    <property name="env.PROCESSOR_REVISION" value="1301" />
    <property name="eclipse.pdebuild.home" value="D:\EclipseJavaEE\eclipse\plugins\org.eclipse.pde.build_3.10.400.v20190320-1020\." />
    <property name="env.Appium_Home" value="C:\Users\94170\AppData\Local\Programs\Appium" />
    <property name="env.CommonProgramFiles(x86)" value="C:\Program Files (x86)\Common Files" />
    <property name="java.vendor.url.bug" value="http://bugreport.sun.com/bugreport/" />
    <property name="env.OneDriveConsumer" value="C:\Users\94170\OneDrive" />
    <property name="env.SystemRoot" value="C:\WINDOWS" />
    <property name="env.FPS_BROWSER_APP_PROFILE_STRING" value="Internet Explorer" />
    <property name="java.awt.graphicsenv" value="sun.awt.Win32GraphicsEnvironment" />
    <property name="os.arch" value="amd64" />
    <property name="java.ext.dirs" value="D:\JDK1.8anzhuang\jre\lib\ext;C:\WINDOWS\Sun\Java\lib\ext" />
    <property name="user.dir" value="D:\EclipseSeleniumSpace\one" />
    <property name="env.LOCALAPPDATA" value="C:\Users\94170\AppData\Local" />
    <property name="env.MAVEN_HOME" value="D:\Maven-repo\apache-maven-3.6.0" />
    <property name="ant.file.type.one" value="file" />
    <property name="line.separator" value="&#xd;&#xa;" />
    <property name="java.vm.name" value="Java HotSpot(TM) 64-Bit Server VM" />
    <property name="env.IntelliJ IDEA" value="D:\intellij idea安装\IntelliJ IDEA 2019.2\bin;" />
    <property name="env.PATHEXT" value=".COM;.EXE;.BAT;.CMD;.VBS;.VBE;.JS;.JSE;.WSF;.WSH;.MSC" />
    <property name="env.Path" value="D:/JDK1.8anzhuang/jre/bin/server;D:/JDK1.8anzhuang/jre/bin;D:/JDK1.8anzhuang/jre/lib/amd64;D:\Xshell\XshellInstall\;D:\Xftp\XftpInstall\;C:\Program Files (x86)\Common Files\Oracle\Java\javapath;D:\JDK1.8anzhuang\jdk\jre\bin;D:\JDK1.8anzhuang\jdk\bin;C:\WINDOWS\System32\WindowsPowerShell\v1.0\;C:\WINDOWS\System32\OpenSSH\;2_HOME%\bin;E:\javamysql\mysql\mysql-8.0.15-winx64\bin;D:\Redis\Redisanzhuang\;D:\PuttyClientanzhuang\;C:\Program Files (x86)\AMD\ATI.ACE\Core-Static;C:\Program Files (x86)\ATI Technologies\ATI.ACE\Core-Static;C:\Windows\System32;D:\Tomcat安装\apache-tomcat-9.0.33\bin;D:\Tomcat安装\apache-tomcat-9.0.33\lib;C:\WINDOWS\system32;C:\WINDOWS;C:\WINDOWS\System32\Wbem;E:\Android SDK\android-sdk-windows\platform-tools;E:\Android SDK\android-sdk-windows\tools;E:\Python\PythonAnzhuang;E:\NodeJs\NodejsAnzhaung\;C:\Users\94170\AppData\Local\Programs\Appium;E:\NodeJs\NodejsAnzhaung\node_global;E:\NodeJs\NodejsAnzhaung\node_global;D:\Maven-repo\apache-maven-3.6.0\bin;E:\Ant\apache-ant\bin;E:\Python\PythonAnzhuang\Scripts\;E:\Python\PythonAnzhuang\;C:\Users\94170\AppData\Local\Microsoft\WindowsApps;;D:\intellij idea安装\IntelliJ IDEA 2019.2\bin;;E:\Webstormanzhuang\WebStorm 2019.3\bin;;E:\PyCharmanzhuang\PyCharm 2019.3.4\bin;;E:\Fiddler\Fiddleranzhuang\Fiddler;C:\Users\94170\AppData\Roaming\npm;D:\EclipseJavaEE\eclipse;" />
    <property name="basedir" value="D:\EclipseSeleniumSpace\one" />
    <property name="ant.java.version" value="1.8" />
    <property name="ant.core.lib" value="E:\Ant\apache-ant\lib\ant.jar" />
    <property name="env.USERNAME" value="94170" />
    <property name="source" value="1.5" />
    <property name="env.SystemDrive" value="C:" />
    <property name="file.encoding" value="GBK" />
    <property name="env.USERDOMAIN" value="DESKTOP-E276MJP" />
    <property name="java.specification.version" value="1.8" />
    <property name="ant.project.invoked-targets" value="build,testBaiDu" />
    <property name="env.PROCESSOR_LEVEL" value="21" />
  </properties>
  <testcase classname="one.testBaiDu" name="testbaiduSearch" time="16.561" />
  <system-out><![CDATA[]]></system-out>
  <system-err><![CDATA[十一月 11, 2020 7:28:51 下午 org.openqa.selenium.os.UnixProcess$SeleniumWatchDog destroyHarder
信息: Command failed to close cleanly. Destroying forcefully (v2). org.openqa.selenium.os.UnixProcess$SeleniumWatchDog@52719fb6
]]></system-err>
</testsuite>
